<?xml version="1.0" encoding="UTF-8"?>
<coverage generated="1657823420908" clover="3.2.0">
  <project timestamp="1657823420908" name="All files">
    <metrics statements="25" coveredstatements="20" conditionals="6" coveredconditionals="3" methods="10" coveredmethods="7" elements="41" coveredelements="30" complexity="0" loc="25" ncloc="25" packages="1" files="2" classes="2"/>
    <file name="interaction.js" path="C:\Users\Chinasa\Desktop\microverse\Todo-List\src\interaction.js">
      <metrics statements="16" coveredstatements="13" conditionals="2" coveredconditionals="2" methods="5" coveredmethods="4"/>
      <line num="3" count="1" type="stmt"/>
      <line num="6" count="2" type="cond" truecount="2" falsecount="0"/>
      <line num="7" count="1" type="stmt"/>
      <line num="8" count="1" type="stmt"/>
      <line num="9" count="1" type="stmt"/>
      <line num="11" count="1" type="stmt"/>
      <line num="12" count="1" type="stmt"/>
      <line num="13" count="1" type="stmt"/>
      <line num="18" count="2" type="stmt"/>
      <line num="19" count="1" type="stmt"/>
      <line num="23" count="1" type="stmt"/>
      <line num="24" count="1" type="stmt"/>
      <line num="25" count="1" type="stmt"/>
      <line num="26" count="0" type="stmt"/>
      <line num="27" count="0" type="stmt"/>
      <line num="28" count="0" type="stmt"/>
    </file>
    <file name="task.js" path="C:\Users\Chinasa\Desktop\microverse\Todo-List\src\task.js">
      <metrics statements="9" coveredstatements="7" conditionals="4" coveredconditionals="1" methods="5" coveredmethods="3"/>
      <line num="1" count="2" type="stmt"/>
      <line num="3" count="2" type="stmt"/>
      <line num="6" count="1" type="stmt"/>
      <line num="12" count="1" type="stmt"/>
      <line num="16" count="1" type="stmt"/>
      <line num="17" count="1" type="cond" truecount="1" falsecount="1"/>
      <line num="18" count="1" type="stmt"/>
      <line num="24" count="0" type="stmt"/>
      <line num="28" count="0" type="cond" truecount="0" falsecount="2"/>
    </file>
  </project>
</coverage>
