<?xml version="1.0" encoding="UTF-8"?>
<coverage generated="1657803135642" clover="3.2.0">
  <project timestamp="1657803135643" name="All files">
    <metrics statements="19" coveredstatements="12" conditionals="6" coveredconditionals="2" methods="8" coveredmethods="3" elements="33" coveredelements="17" complexity="0" loc="19" ncloc="19" packages="1" files="2" classes="2"/>
    <file name="interaction.js" path="/home/tushar/repos/To-dol-List-Review/src/interaction.js">
      <metrics statements="10" coveredstatements="10" conditionals="2" coveredconditionals="2" methods="3" coveredmethods="3"/>
      <line num="3" count="1" type="stmt"/>
      <line num="6" count="2" type="cond" truecount="2" falsecount="0"/>
      <line num="7" count="1" type="stmt"/>
      <line num="8" count="1" type="stmt"/>
      <line num="9" count="1" type="stmt"/>
      <line num="11" count="1" type="stmt"/>
      <line num="12" count="1" type="stmt"/>
      <line num="13" count="1" type="stmt"/>
      <line num="18" count="2" type="stmt"/>
      <line num="19" count="1" type="stmt"/>
    </file>
    <file name="task.js" path="/home/tushar/repos/To-dol-List-Review/src/task.js">
      <metrics statements="9" coveredstatements="2" conditionals="4" coveredconditionals="0" methods="5" coveredmethods="0"/>
      <line num="1" count="1" type="stmt"/>
      <line num="3" count="1" type="stmt"/>
      <line num="6" count="0" type="stmt"/>
      <line num="12" count="0" type="stmt"/>
      <line num="16" count="0" type="stmt"/>
      <line num="17" count="0" type="cond" truecount="0" falsecount="2"/>
      <line num="18" count="0" type="stmt"/>
      <line num="24" count="0" type="stmt"/>
      <line num="28" count="0" type="cond" truecount="0" falsecount="2"/>
    </file>
  </project>
</coverage>
