{"C:\\Users\\Chinasa\\Desktop\\microverse\\Todo-List\\src\\interaction.js": {"path":"C:\\Users\\Chinasa\\Desktop\\microverse\\Todo-List\\src\\interaction.js","statementMap":{"0":{"start":{"line":3,"column":24},"end":{"line":3,"column":56}},"1":{"start":{"line":6,"column":2},"end":{"line":14,"column":3}},"2":{"start":{"line":7,"column":4},"end":{"line":7,"column":32}},"3":{"start":{"line":8,"column":4},"end":{"line":8,"column":25}},"4":{"start":{"line":9,"column":4},"end":{"line":9,"column":65}},"5":{"start":{"line":11,"column":4},"end":{"line":11,"column":33}},"6":{"start":{"line":12,"column":4},"end":{"line":12,"column":26}},"7":{"start":{"line":13,"column":4},"end":{"line":13,"column":68}},"8":{"start":{"line":18,"column":2},"end":{"line":18,"column":63}},"9":{"start":{"line":18,"column":37},"end":{"line":18,"column":61}},"10":{"start":{"line":19,"column":2},"end":{"line":19,"column":17}},"11":{"start":{"line":23,"column":2},"end":{"line":23,"column":54}},"12":{"start":{"line":24,"column":2},"end":{"line":24,"column":22}},"13":{"start":{"line":25,"column":4},"end":{"line":29,"column":5}},"14":{"start":{"line":26,"column":4},"end":{"line":26,"column":53}},"15":{"start":{"line":27,"column":4},"end":{"line":27,"column":23}},"16":{"start":{"line":28,"column":4},"end":{"line":28,"column":14}}},"fnMap":{"0":{"name":"update","decl":{"start":{"line":5,"column":16},"end":{"line":5,"column":22}},"loc":{"start":{"line":5,"column":42},"end":{"line":15,"column":1}},"line":5},"1":{"name":"clearCompleted","decl":{"start":{"line":17,"column":16},"end":{"line":17,"column":30}},"loc":{"start":{"line":17,"column":41},"end":{"line":20,"column":1}},"line":17},"2":{"name":"(anonymous_2)","decl":{"start":{"line":18,"column":27},"end":{"line":18,"column":28}},"loc":{"start":{"line":18,"column":37},"end":{"line":18,"column":61}},"line":18},"3":{"name":"edit","decl":{"start":{"line":22,"column":16},"end":{"line":22,"column":20}},"loc":{"start":{"line":22,"column":45},"end":{"line":30,"column":1}},"line":22},"4":{"name":"(anonymous_4)","decl":{"start":{"line":25,"column":45},"end":{"line":25,"column":46}},"loc":{"start":{"line":25,"column":51},"end":{"line":29,"column":3}},"line":25}},"branchMap":{"0":{"loc":{"start":{"line":6,"column":2},"end":{"line":14,"column":3}},"type":"if","locations":[{"start":{"line":6,"column":2},"end":{"line":14,"column":3}},{"start":{"line":10,"column":9},"end":{"line":14,"column":3}}],"line":6}},"s":{"0":1,"1":2,"2":1,"3":1,"4":1,"5":1,"6":1,"7":1,"8":1,"9":2,"10":1,"11":1,"12":1,"13":1,"14":0,"15":0,"16":0},"f":{"0":2,"1":1,"2":2,"3":1,"4":0},"b":{"0":[1,1]},"_coverageSchema":"1a1c01bbd47fc00a2c39e90264f33305004495a9","hash":"ceaf1a71a4668a12f5682147b85b05693fb08ce8"}
,"C:\\Users\\Chinasa\\Desktop\\microverse\\Todo-List\\src\\task.js": {"path":"C:\\Users\\Chinasa\\Desktop\\microverse\\Todo-List\\src\\task.js","statementMap":{"0":{"start":{"line":1,"column":18},"end":{"line":1,"column":54}},"1":{"start":{"line":3,"column":21},"end":{"line":3,"column":23}},"2":{"start":{"line":6,"column":22},"end":{"line":10,"column":3}},"3":{"start":{"line":12,"column":2},"end":{"line":12,"column":27}},"4":{"start":{"line":16,"column":2},"end":{"line":20,"column":5}},"5":{"start":{"line":17,"column":4},"end":{"line":19,"column":5}},"6":{"start":{"line":18,"column":6},"end":{"line":18,"column":31}},"7":{"start":{"line":24,"column":2},"end":{"line":24,"column":66}},"8":{"start":{"line":28,"column":2},"end":{"line":28,"column":69}}},"fnMap":{"0":{"name":"addTask","decl":{"start":{"line":5,"column":16},"end":{"line":5,"column":23}},"loc":{"start":{"line":5,"column":44},"end":{"line":13,"column":1}},"line":5},"1":{"name":"removeTask","decl":{"start":{"line":15,"column":16},"end":{"line":15,"column":26}},"loc":{"start":{"line":15,"column":40},"end":{"line":21,"column":1}},"line":15},"2":{"name":"(anonymous_2)","decl":{"start":{"line":16,"column":18},"end":{"line":16,"column":19}},"loc":{"start":{"line":16,"column":35},"end":{"line":20,"column":3}},"line":16},"3":{"name":"storeTask","decl":{"start":{"line":23,"column":16},"end":{"line":23,"column":25}},"loc":{"start":{"line":23,"column":35},"end":{"line":25,"column":1}},"line":23},"4":{"name":"getTask","decl":{"start":{"line":27,"column":16},"end":{"line":27,"column":23}},"loc":{"start":{"line":27,"column":26},"end":{"line":29,"column":1}},"line":27}},"branchMap":{"0":{"loc":{"start":{"line":17,"column":4},"end":{"line":19,"column":5}},"type":"if","locations":[{"start":{"line":17,"column":4},"end":{"line":19,"column":5}},{"start":{},"end":{}}],"line":17},"1":{"loc":{"start":{"line":28,"column":12},"end":{"line":28,"column":68}},"type":"binary-expr","locations":[{"start":{"line":28,"column":12},"end":{"line":28,"column":62}},{"start":{"line":28,"column":66},"end":{"line":28,"column":68}}],"line":28}},"s":{"0":2,"1":2,"2":1,"3":1,"4":1,"5":1,"6":1,"7":0,"8":0},"f":{"0":1,"1":1,"2":1,"3":0,"4":0},"b":{"0":[1,0],"1":[0,0]},"_coverageSchema":"1a1c01bbd47fc00a2c39e90264f33305004495a9","hash":"619a452519cc9705dc5f38339dc90010a6cd381c"}
}
