TN:
SF:src/interaction.js
FN:5,update
FN:17,clearCompleted
FN:18,(anonymous_2)
FN:23,edit
FN:26,(anonymous_4)
FNF:5
FNH:4
FNDA:2,update
FNDA:1,clearCompleted
FNDA:2,(anonymous_2)
FNDA:1,edit
FNDA:0,(anonymous_4)
DA:3,1
DA:6,2
DA:7,1
DA:8,1
DA:9,1
DA:11,1
DA:12,1
DA:13,1
DA:18,2
DA:19,1
DA:24,1
DA:25,1
DA:26,1
DA:27,0
DA:28,0
DA:29,0
DA:30,0
LF:17
LH:13
BRDA:6,0,0,1
BRDA:6,0,1,1
BRF:2
BRH:2
end_of_record
TN:
SF:src/task.js
FN:5,addTask
FN:15,removeTask
FN:16,(anonymous_2)
FN:23,storeTask
FN:27,getTask
FNF:5
FNH:3
FNDA:1,addTask
FNDA:1,removeTask
FNDA:1,(anonymous_2)
FNDA:0,storeTask
FNDA:0,getTask
DA:1,2
DA:3,2
DA:6,1
DA:12,1
DA:16,1
DA:17,1
DA:18,1
DA:24,0
DA:28,0
LF:9
LH:7
BRDA:17,0,0,1
BRDA:17,0,1,0
BRDA:28,1,0,0
BRDA:28,1,1,0
BRF:4
BRH:1
end_of_record
